<?xml version="1.0" encoding="UTF-8"?>
<!-- Generated by org.testng.reporters.JUnitReportReporter -->
<testsuite hostname="LAPTOP-P9PJBISD" failures="0" tests="1" name="com.packt.tests.googleTest" time="0.708" errors="0" timestamp="2021-12-29T20:40:31 EST" skipped="0">
  <testcase classname="com.packt.tests.googleTest" name="googleAutomationTest" time="0.708"/>
  <system-out/>
</testsuite> <!-- com.packt.tests.googleTest -->
